<?xml version="1.0" encoding="UTF-8"?>
<testsuite xmlns:xsi="http://www.w3.org/2001/XMLSchema-instance" xsi:noNamespaceSchemaLocation="https://maven.apache.org/surefire/maven-surefire-plugin/xsd/surefire-test-report-3.0.xsd" version="3.0" name="test.AmazonSearchTest" time="0.69" tests="3" errors="0" skipped="2" failures="1">
  <properties>
[...]
</properties>
  <testcase name="setUp" classname="test.AmazonSearchTest" time="0.569">
    <failure message="The driver executable does not exist: E:\jenkins_java_workspace\test\path\to\chromedriver" type="java.lang.IllegalStateException"><![CDATA[java.lang.IllegalStateException: The driver executable does not exist: E:\jenkins_java_workspace\test\path\to\chromedriver
	at test.AmazonSearchTest.setUp(AmazonSearchTest.java:20)
]]></failure>
  </testcase>
  <testcase name="amazonSearchScenario" classname="test.AmazonSearchTest" time="0">
    <skipped message="The driver executable does not exist: E:\jenkins_java_workspace\test\path\to\chromedriver"/>
  </testcase>
  <testcase name="tearDown" classname="test.AmazonSearchTest" time="0">
    <skipped/>
  </testcase>
</testsuite>